<?xml version="1.0" encoding="UTF-8"?>
<!-- Generated by org.testng.reporters.JUnitReportReporter -->
<testsuite skipped="0" hostname="DESKTOP-96F67H7" name="com.crm.qa.testcases.HomPageTest" tests="1" failures="0" timestamp="14 Jul 2018 16:01:06 GMT" time="26.339" errors="0">
  <testcase name="contactmethod" time="26.339" classname="com.crm.qa.testcases.HomPageTest"/>
</testsuite> <!-- com.crm.qa.testcases.HomPageTest -->
