<?xml version="1.0" encoding="UTF-8"?>
<!-- Generated by org.testng.reporters.JUnitReportReporter -->
<testsuite skipped="0" hostname="DESKTOP-96F67H7" name="com.crm.qa.testcases.LoginTest" tests="2" failures="0" timestamp="15 Jul 2018 13:11:13 GMT" time="27.281" errors="0">
  <testcase name="login" time="15.575" classname="com.crm.qa.testcases.LoginTest"/>
  <testcase name="validatetitle" time="11.706" classname="com.crm.qa.testcases.LoginTest"/>
</testsuite> <!-- com.crm.qa.testcases.LoginTest -->
