<?xml version="1.0" encoding="UTF-8"?>
<!-- Generated by org.testng.reporters.JUnitReportReporter -->
<testsuite skipped="0" hostname="DESKTOP-96F67H7" name="com.crm.qa.testcases.NewContactTest" tests="1" failures="0" timestamp="15 Jul 2018 15:36:23 GMT" time="23.026" errors="0">
  <testcase name="testcase" time="23.026" classname="com.crm.qa.testcases.NewContactTest"/>
</testsuite> <!-- com.crm.qa.testcases.NewContactTest -->
