<?xml version="1.0" encoding="UTF-8"?>
<!-- Generated by org.testng.reporters.JUnitReportReporter -->
<testsuite skipped="0" hostname="DESKTOP-96F67H7" name="com.crm.qa.testcases.LoginTest" tests="1" failures="0" timestamp="08 Jul 2018 16:24:32 GMT" time="21.538" errors="0">
  <testcase name="login" time="21.538" classname="com.crm.qa.testcases.LoginTest"/>
</testsuite> <!-- com.crm.qa.testcases.LoginTest -->
