<?xml version="1.0" encoding="UTF-8"?>
<!-- Generated by org.testng.reporters.JUnitReportReporter -->
<testsuite skipped="0" hostname="DESKTOP-96F67H7" name="com.crm.qa.testcases.LoginTest" tests="2" failures="0" timestamp="15 Jul 2018 16:16:20 GMT" time="39.781" errors="0">
  <testcase name="login" time="22.058" classname="com.crm.qa.testcases.LoginTest"/>
  <testcase name="validatetitle" time="17.723" classname="com.crm.qa.testcases.LoginTest"/>
</testsuite> <!-- com.crm.qa.testcases.LoginTest -->
